<?xml version="1.0" encoding="UTF-8"?>
<!-- Generated by org.testng.reporters.JUnitReportReporter -->
<testsuite hostname="LAPTOP-QSVDD5MN" failures="0" tests="1" name="Module1_searchbar.SearchBarTest" time="0.822" errors="0" timestamp="2023-03-10T18:50:17 IST" skipped="0">
  <testcase classname="Module1_searchbar.SearchBarTest" name="searchbar" time="0.822"/>
  <system-out/>
</testsuite> <!-- Module1_searchbar.SearchBarTest -->
