<?xml version="1.0" encoding="UTF-8"?>
<!-- Generated by org.testng.reporters.JUnitReportReporter -->
<testsuite hostname="LAPTOP-QSVDD5MN" failures="0" tests="1" name="Module1_searchbar.SearchClearTest" time="1.265" errors="0" timestamp="2023-02-06T22:34:19 IST" skipped="0">
  <testcase classname="Module1_searchbar.SearchClearTest" name="SearchClear" time="1.265"/>
  <system-out/>
</testsuite> <!-- Module1_searchbar.SearchClearTest -->
